<?xml version="1.0" encoding="UTF-8"?>
<testsuite xmlns:xsi="http://www.w3.org/2001/XMLSchema-instance" xsi:noNamespaceSchemaLocation="https://maven.apache.org/surefire/maven-failsafe-plugin/xsd/failsafe-test-report.xsd" name="io.cucumber.tutorial.TestRunner" time="0.706" tests="2" errors="0" skipped="0" failures="0">
  <properties>
    <property name="sun.desktop" value="gnome"/>
    <property name="awt.toolkit" value="sun.awt.X11.XToolkit"/>
    <property name="file.encoding.pkg" value="sun.io"/>
    <property name="java.specification.version" value="1.8"/>
    <property name="sun.cpu.isalist" value=""/>
    <property name="sun.jnu.encoding" value="UTF-8"/>
    <property name="java.class.path" value="/home/vic/Code/asynch-request-creator-bdd/target/test-classes:/home/vic/Code/asynch-request-creator-bdd/target/asynch-request-creator-1.0-SNAPSHOT.jar:/home/vic/.m2/repository/org/springframework/boot/spring-boot-starter-web/1.5.9.RELEASE/spring-boot-starter-web-1.5.9.RELEASE.jar:/home/vic/.m2/repository/org/springframework/boot/spring-boot-starter/1.5.9.RELEASE/spring-boot-starter-1.5.9.RELEASE.jar:/home/vic/.m2/repository/org/springframework/boot/spring-boot/1.5.9.RELEASE/spring-boot-1.5.9.RELEASE.jar:/home/vic/.m2/repository/org/springframework/boot/spring-boot-autoconfigure/1.5.9.RELEASE/spring-boot-autoconfigure-1.5.9.RELEASE.jar:/home/vic/.m2/repository/org/springframework/boot/spring-boot-starter-logging/1.5.9.RELEASE/spring-boot-starter-logging-1.5.9.RELEASE.jar:/home/vic/.m2/repository/ch/qos/logback/logback-classic/1.1.11/logback-classic-1.1.11.jar:/home/vic/.m2/repository/ch/qos/logback/logback-core/1.1.11/logback-core-1.1.11.jar:/home/vic/.m2/repository/org/slf4j/jcl-over-slf4j/1.7.25/jcl-over-slf4j-1.7.25.jar:/home/vic/.m2/repository/org/slf4j/jul-to-slf4j/1.7.25/jul-to-slf4j-1.7.25.jar:/home/vic/.m2/repository/org/slf4j/log4j-over-slf4j/1.7.25/log4j-over-slf4j-1.7.25.jar:/home/vic/.m2/repository/org/springframework/spring-core/4.3.13.RELEASE/spring-core-4.3.13.RELEASE.jar:/home/vic/.m2/repository/org/yaml/snakeyaml/1.17/snakeyaml-1.17.jar:/home/vic/.m2/repository/org/springframework/boot/spring-boot-starter-tomcat/1.5.9.RELEASE/spring-boot-starter-tomcat-1.5.9.RELEASE.jar:/home/vic/.m2/repository/org/apache/tomcat/embed/tomcat-embed-core/8.5.23/tomcat-embed-core-8.5.23.jar:/home/vic/.m2/repository/org/apache/tomcat/tomcat-annotations-api/8.5.23/tomcat-annotations-api-8.5.23.jar:/home/vic/.m2/repository/org/apache/tomcat/embed/tomcat-embed-el/8.5.23/tomcat-embed-el-8.5.23.jar:/home/vic/.m2/repository/org/apache/tomcat/embed/tomcat-embed-websocket/8.5.23/tomcat-embed-websocket-8.5.23.jar:/home/vic/.m2/repository/org/hibernate/hibernate-validator/5.3.6.Final/hibernate-validator-5.3.6.Final.jar:/home/vic/.m2/repository/javax/validation/validation-api/1.1.0.Final/validation-api-1.1.0.Final.jar:/home/vic/.m2/repository/org/jboss/logging/jboss-logging/3.3.1.Final/jboss-logging-3.3.1.Final.jar:/home/vic/.m2/repository/com/fasterxml/classmate/1.3.4/classmate-1.3.4.jar:/home/vic/.m2/repository/com/fasterxml/jackson/core/jackson-databind/2.8.10/jackson-databind-2.8.10.jar:/home/vic/.m2/repository/com/fasterxml/jackson/core/jackson-annotations/2.8.0/jackson-annotations-2.8.0.jar:/home/vic/.m2/repository/com/fasterxml/jackson/core/jackson-core/2.8.10/jackson-core-2.8.10.jar:/home/vic/.m2/repository/org/springframework/spring-web/4.3.13.RELEASE/spring-web-4.3.13.RELEASE.jar:/home/vic/.m2/repository/org/springframework/spring-aop/4.3.13.RELEASE/spring-aop-4.3.13.RELEASE.jar:/home/vic/.m2/repository/org/springframework/spring-beans/4.3.13.RELEASE/spring-beans-4.3.13.RELEASE.jar:/home/vic/.m2/repository/org/springframework/spring-context/4.3.13.RELEASE/spring-context-4.3.13.RELEASE.jar:/home/vic/.m2/repository/org/springframework/spring-webmvc/4.3.13.RELEASE/spring-webmvc-4.3.13.RELEASE.jar:/home/vic/.m2/repository/org/springframework/spring-expression/4.3.13.RELEASE/spring-expression-4.3.13.RELEASE.jar:/home/vic/.m2/repository/org/springframework/boot/spring-boot-starter-amqp/1.5.9.RELEASE/spring-boot-starter-amqp-1.5.9.RELEASE.jar:/home/vic/.m2/repository/org/springframework/spring-messaging/4.3.13.RELEASE/spring-messaging-4.3.13.RELEASE.jar:/home/vic/.m2/repository/org/springframework/amqp/spring-rabbit/1.7.4.RELEASE/spring-rabbit-1.7.4.RELEASE.jar:/home/vic/.m2/repository/com/rabbitmq/http-client/1.1.1.RELEASE/http-client-1.1.1.RELEASE.jar:/home/vic/.m2/repository/org/apache/httpcomponents/httpclient/4.5.3/httpclient-4.5.3.jar:/home/vic/.m2/repository/org/apache/httpcomponents/httpcore/4.4.8/httpcore-4.4.8.jar:/home/vic/.m2/repository/commons-codec/commons-codec/1.10/commons-codec-1.10.jar:/home/vic/.m2/repository/com/rabbitmq/amqp-client/4.0.3/amqp-client-4.0.3.jar:/home/vic/.m2/repository/org/slf4j/slf4j-api/1.7.25/slf4j-api-1.7.25.jar:/home/vic/.m2/repository/org/springframework/retry/spring-retry/1.2.1.RELEASE/spring-retry-1.2.1.RELEASE.jar:/home/vic/.m2/repository/org/springframework/amqp/spring-amqp/1.7.4.RELEASE/spring-amqp-1.7.4.RELEASE.jar:/home/vic/.m2/repository/org/springframework/spring-tx/4.3.13.RELEASE/spring-tx-4.3.13.RELEASE.jar:/home/vic/.m2/repository/io/cucumber/cucumber-java8/2.3.1/cucumber-java8-2.3.1.jar:/home/vic/.m2/repository/io/cucumber/cucumber-java/2.3.1/cucumber-java-2.3.1.jar:/home/vic/.m2/repository/net/jodah/typetools/0.5.0/typetools-0.5.0.jar:/home/vic/.m2/repository/io/cucumber/cucumber-junit/2.3.1/cucumber-junit-2.3.1.jar:/home/vic/.m2/repository/io/cucumber/cucumber-core/2.3.1/cucumber-core-2.3.1.jar:/home/vic/.m2/repository/info/cukes/cucumber-html/0.2.6/cucumber-html-0.2.6.jar:/home/vic/.m2/repository/io/cucumber/cucumber-jvm-deps/1.0.6/cucumber-jvm-deps-1.0.6.jar:/home/vic/.m2/repository/io/cucumber/gherkin/5.0.0/gherkin-5.0.0.jar:/home/vic/.m2/repository/io/cucumber/tag-expressions/1.1.1/tag-expressions-1.1.1.jar:/home/vic/.m2/repository/io/cucumber/cucumber-spring/2.3.1/cucumber-spring-2.3.1.jar:/home/vic/.m2/repository/junit/junit/4.12/junit-4.12.jar:/home/vic/.m2/repository/org/hamcrest/hamcrest-core/1.3/hamcrest-core-1.3.jar:"/>
    <property name="java.vm.vendor" value="Oracle Corporation"/>
    <property name="sun.arch.data.model" value="64"/>
    <property name="java.vendor.url" value="http://java.oracle.com/"/>
    <property name="user.timezone" value=""/>
    <property name="java.vm.specification.version" value="1.8"/>
    <property name="os.name" value="Linux"/>
    <property name="user.country" value="ZA"/>
    <property name="sun.java.launcher" value="SUN_STANDARD"/>
    <property name="sun.boot.library.path" value="/usr/lib/jvm/java-8-oracle/jre/lib/amd64"/>
    <property name="sun.java.command" value="/home/vic/Code/asynch-request-creator-bdd/target/surefire/surefirebooter3188266123443577468.jar /home/vic/Code/asynch-request-creator-bdd/target/surefire 2018-01-21T20-07-45_006-jvmRun1 surefire7351515806136171503tmp surefire_04703064869742207403tmp"/>
    <property name="surefire.test.class.path" value="/home/vic/Code/asynch-request-creator-bdd/target/test-classes:/home/vic/Code/asynch-request-creator-bdd/target/asynch-request-creator-1.0-SNAPSHOT.jar:/home/vic/.m2/repository/org/springframework/boot/spring-boot-starter-web/1.5.9.RELEASE/spring-boot-starter-web-1.5.9.RELEASE.jar:/home/vic/.m2/repository/org/springframework/boot/spring-boot-starter/1.5.9.RELEASE/spring-boot-starter-1.5.9.RELEASE.jar:/home/vic/.m2/repository/org/springframework/boot/spring-boot/1.5.9.RELEASE/spring-boot-1.5.9.RELEASE.jar:/home/vic/.m2/repository/org/springframework/boot/spring-boot-autoconfigure/1.5.9.RELEASE/spring-boot-autoconfigure-1.5.9.RELEASE.jar:/home/vic/.m2/repository/org/springframework/boot/spring-boot-starter-logging/1.5.9.RELEASE/spring-boot-starter-logging-1.5.9.RELEASE.jar:/home/vic/.m2/repository/ch/qos/logback/logback-classic/1.1.11/logback-classic-1.1.11.jar:/home/vic/.m2/repository/ch/qos/logback/logback-core/1.1.11/logback-core-1.1.11.jar:/home/vic/.m2/repository/org/slf4j/jcl-over-slf4j/1.7.25/jcl-over-slf4j-1.7.25.jar:/home/vic/.m2/repository/org/slf4j/jul-to-slf4j/1.7.25/jul-to-slf4j-1.7.25.jar:/home/vic/.m2/repository/org/slf4j/log4j-over-slf4j/1.7.25/log4j-over-slf4j-1.7.25.jar:/home/vic/.m2/repository/org/springframework/spring-core/4.3.13.RELEASE/spring-core-4.3.13.RELEASE.jar:/home/vic/.m2/repository/org/yaml/snakeyaml/1.17/snakeyaml-1.17.jar:/home/vic/.m2/repository/org/springframework/boot/spring-boot-starter-tomcat/1.5.9.RELEASE/spring-boot-starter-tomcat-1.5.9.RELEASE.jar:/home/vic/.m2/repository/org/apache/tomcat/embed/tomcat-embed-core/8.5.23/tomcat-embed-core-8.5.23.jar:/home/vic/.m2/repository/org/apache/tomcat/tomcat-annotations-api/8.5.23/tomcat-annotations-api-8.5.23.jar:/home/vic/.m2/repository/org/apache/tomcat/embed/tomcat-embed-el/8.5.23/tomcat-embed-el-8.5.23.jar:/home/vic/.m2/repository/org/apache/tomcat/embed/tomcat-embed-websocket/8.5.23/tomcat-embed-websocket-8.5.23.jar:/home/vic/.m2/repository/org/hibernate/hibernate-validator/5.3.6.Final/hibernate-validator-5.3.6.Final.jar:/home/vic/.m2/repository/javax/validation/validation-api/1.1.0.Final/validation-api-1.1.0.Final.jar:/home/vic/.m2/repository/org/jboss/logging/jboss-logging/3.3.1.Final/jboss-logging-3.3.1.Final.jar:/home/vic/.m2/repository/com/fasterxml/classmate/1.3.4/classmate-1.3.4.jar:/home/vic/.m2/repository/com/fasterxml/jackson/core/jackson-databind/2.8.10/jackson-databind-2.8.10.jar:/home/vic/.m2/repository/com/fasterxml/jackson/core/jackson-annotations/2.8.0/jackson-annotations-2.8.0.jar:/home/vic/.m2/repository/com/fasterxml/jackson/core/jackson-core/2.8.10/jackson-core-2.8.10.jar:/home/vic/.m2/repository/org/springframework/spring-web/4.3.13.RELEASE/spring-web-4.3.13.RELEASE.jar:/home/vic/.m2/repository/org/springframework/spring-aop/4.3.13.RELEASE/spring-aop-4.3.13.RELEASE.jar:/home/vic/.m2/repository/org/springframework/spring-beans/4.3.13.RELEASE/spring-beans-4.3.13.RELEASE.jar:/home/vic/.m2/repository/org/springframework/spring-context/4.3.13.RELEASE/spring-context-4.3.13.RELEASE.jar:/home/vic/.m2/repository/org/springframework/spring-webmvc/4.3.13.RELEASE/spring-webmvc-4.3.13.RELEASE.jar:/home/vic/.m2/repository/org/springframework/spring-expression/4.3.13.RELEASE/spring-expression-4.3.13.RELEASE.jar:/home/vic/.m2/repository/org/springframework/boot/spring-boot-starter-amqp/1.5.9.RELEASE/spring-boot-starter-amqp-1.5.9.RELEASE.jar:/home/vic/.m2/repository/org/springframework/spring-messaging/4.3.13.RELEASE/spring-messaging-4.3.13.RELEASE.jar:/home/vic/.m2/repository/org/springframework/amqp/spring-rabbit/1.7.4.RELEASE/spring-rabbit-1.7.4.RELEASE.jar:/home/vic/.m2/repository/com/rabbitmq/http-client/1.1.1.RELEASE/http-client-1.1.1.RELEASE.jar:/home/vic/.m2/repository/org/apache/httpcomponents/httpclient/4.5.3/httpclient-4.5.3.jar:/home/vic/.m2/repository/org/apache/httpcomponents/httpcore/4.4.8/httpcore-4.4.8.jar:/home/vic/.m2/repository/commons-codec/commons-codec/1.10/commons-codec-1.10.jar:/home/vic/.m2/repository/com/rabbitmq/amqp-client/4.0.3/amqp-client-4.0.3.jar:/home/vic/.m2/repository/org/slf4j/slf4j-api/1.7.25/slf4j-api-1.7.25.jar:/home/vic/.m2/repository/org/springframework/retry/spring-retry/1.2.1.RELEASE/spring-retry-1.2.1.RELEASE.jar:/home/vic/.m2/repository/org/springframework/amqp/spring-amqp/1.7.4.RELEASE/spring-amqp-1.7.4.RELEASE.jar:/home/vic/.m2/repository/org/springframework/spring-tx/4.3.13.RELEASE/spring-tx-4.3.13.RELEASE.jar:/home/vic/.m2/repository/io/cucumber/cucumber-java8/2.3.1/cucumber-java8-2.3.1.jar:/home/vic/.m2/repository/io/cucumber/cucumber-java/2.3.1/cucumber-java-2.3.1.jar:/home/vic/.m2/repository/net/jodah/typetools/0.5.0/typetools-0.5.0.jar:/home/vic/.m2/repository/io/cucumber/cucumber-junit/2.3.1/cucumber-junit-2.3.1.jar:/home/vic/.m2/repository/io/cucumber/cucumber-core/2.3.1/cucumber-core-2.3.1.jar:/home/vic/.m2/repository/info/cukes/cucumber-html/0.2.6/cucumber-html-0.2.6.jar:/home/vic/.m2/repository/io/cucumber/cucumber-jvm-deps/1.0.6/cucumber-jvm-deps-1.0.6.jar:/home/vic/.m2/repository/io/cucumber/gherkin/5.0.0/gherkin-5.0.0.jar:/home/vic/.m2/repository/io/cucumber/tag-expressions/1.1.1/tag-expressions-1.1.1.jar:/home/vic/.m2/repository/io/cucumber/cucumber-spring/2.3.1/cucumber-spring-2.3.1.jar:/home/vic/.m2/repository/junit/junit/4.12/junit-4.12.jar:/home/vic/.m2/repository/org/hamcrest/hamcrest-core/1.3/hamcrest-core-1.3.jar:"/>
    <property name="sun.cpu.endian" value="little"/>
    <property name="user.home" value="/home/vic"/>
    <property name="user.language" value="en"/>
    <property name="java.specification.vendor" value="Oracle Corporation"/>
    <property name="java.home" value="/usr/lib/jvm/java-8-oracle/jre"/>
    <property name="basedir" value="/home/vic/Code/asynch-request-creator-bdd"/>
    <property name="file.separator" value="/"/>
    <property name="line.separator" value="&#10;"/>
    <property name="java.vm.specification.vendor" value="Oracle Corporation"/>
    <property name="java.specification.name" value="Java Platform API Specification"/>
    <property name="java.awt.graphicsenv" value="sun.awt.X11GraphicsEnvironment"/>
    <property name="surefire.real.class.path" value="/home/vic/Code/asynch-request-creator-bdd/target/surefire/surefirebooter3188266123443577468.jar"/>
    <property name="sun.boot.class.path" value="/usr/lib/jvm/java-8-oracle/jre/lib/resources.jar:/usr/lib/jvm/java-8-oracle/jre/lib/rt.jar:/usr/lib/jvm/java-8-oracle/jre/lib/sunrsasign.jar:/usr/lib/jvm/java-8-oracle/jre/lib/jsse.jar:/usr/lib/jvm/java-8-oracle/jre/lib/jce.jar:/usr/lib/jvm/java-8-oracle/jre/lib/charsets.jar:/usr/lib/jvm/java-8-oracle/jre/lib/jfr.jar:/usr/lib/jvm/java-8-oracle/jre/classes"/>
    <property name="sun.management.compiler" value="HotSpot 64-Bit Tiered Compilers"/>
    <property name="java.runtime.version" value="1.8.0_151-b12"/>
    <property name="user.name" value="vic"/>
    <property name="path.separator" value=":"/>
    <property name="os.version" value="4.13.0-26-generic"/>
    <property name="java.endorsed.dirs" value="/usr/lib/jvm/java-8-oracle/jre/lib/endorsed"/>
    <property name="java.runtime.name" value="Java(TM) SE Runtime Environment"/>
    <property name="file.encoding" value="UTF-8"/>
    <property name="java.vm.name" value="Java HotSpot(TM) 64-Bit Server VM"/>
    <property name="localRepository" value="/home/vic/.m2/repository"/>
    <property name="cucumber.options" value="--plugin pretty"/>
    <property name="java.vendor.url.bug" value="http://bugreport.sun.com/bugreport/"/>
    <property name="java.io.tmpdir" value="/tmp"/>
    <property name="java.version" value="1.8.0_151"/>
    <property name="user.dir" value="/home/vic/Code/asynch-request-creator-bdd"/>
    <property name="os.arch" value="amd64"/>
    <property name="java.vm.specification.name" value="Java Virtual Machine Specification"/>
    <property name="java.awt.printerjob" value="sun.print.PSPrinterJob"/>
    <property name="sun.os.patch.level" value="unknown"/>
    <property name="java.library.path" value="/usr/java/packages/lib/amd64:/usr/lib64:/lib64:/lib:/usr/lib"/>
    <property name="java.vm.info" value="mixed mode"/>
    <property name="java.vendor" value="Oracle Corporation"/>
    <property name="java.vm.version" value="25.151-b12"/>
    <property name="java.ext.dirs" value="/usr/lib/jvm/java-8-oracle/jre/lib/ext:/usr/java/packages/lib/ext"/>
    <property name="sun.io.unicode.encoding" value="UnicodeLittle"/>
    <property name="java.class.version" value="52.0"/>
  </properties>
  <testcase name="JSON request is accepted" classname="Accept request" time="0.354"/>
  <testcase name="Malformed request is rejected" classname="Accept request" time="0.043"/>
</testsuite>